<?xml version="1.0" encoding="UTF-8"?>
<testng-results skipped="0" failed="0" total="1" passed="1">
  <reporter-output>
  </reporter-output>
  <suite name="Default suite" duration-ms="47" started-at="2019-03-02T14:46:56Z" finished-at="2019-03-02T14:46:56Z">
    <groups>
    </groups>
    <test name="Default test" duration-ms="47" started-at="2019-03-02T14:46:56Z" finished-at="2019-03-02T14:46:56Z">
      <class name="comlogin.q.a.loginpage">
        <test-method status="PASS" signature="loginTest()" name="loginTest" duration-ms="32" started-at="2019-03-02T14:46:56Z" finished-at="2019-03-02T14:46:56Z">
        </test-method>
      </class>
    </test>
  </suite>
</testng-results>
