<?xml version="1.0" encoding="UTF-8"?>
<testng-results skipped="0" failed="0" total="1" passed="1">
  <reporter-output>
  </reporter-output>
  <suite name="Suite" duration-ms="47" started-at="2019-03-01T14:55:27Z" finished-at="2019-03-01T14:55:27Z">
    <groups>
    </groups>
    <test name="Test" duration-ms="47" started-at="2019-03-01T14:55:27Z" finished-at="2019-03-01T14:55:27Z">
      <class name="com.gmail.login.qa.login">
        <test-method status="PASS" signature="testHello()" name="testHello" duration-ms="26" started-at="2019-03-01T14:55:27Z" finished-at="2019-03-01T14:55:27Z">
        </test-method>
      </class>
    </test>
  </suite>
</testng-results>
